2025-03-30 23:00:01,280 - INFO - HTTP Request: POST http://localhost:8001/signup/credential "HTTP/1.1 200 OK"
2025-03-30 23:58:19,121 - INFO - HTTP Request: POST http://localhost:8001/signup/credential "HTTP/1.1 200 OK"
2025-03-31 00:00:02,307 - INFO - HTTP Request: POST http://localhost:8001/signup/credential "HTTP/1.1 200 OK"
2025-03-31 00:01:18,601 - INFO - HTTP Request: POST http://localhost:8001/signup/credential "HTTP/1.1 200 OK"
2025-03-31 00:02:28,816 - INFO - HTTP Request: POST http://localhost:8001/signup/credential "HTTP/1.1 200 OK"
2025-03-31 00:03:52,356 - INFO - HTTP Request: POST http://localhost:8001/signup/credential "HTTP/1.1 200 OK"
2025-03-31 00:04:39,232 - INFO - HTTP Request: POST http://localhost:8001/signup/credential "HTTP/1.1 200 OK"
2025-03-31 00:05:59,128 - INFO - HTTP Request: POST http://localhost:8001/signup/credential "HTTP/1.1 200 OK"
2025-03-31 00:09:01,669 - INFO - HTTP Request: POST http://localhost:8001/signup/credential "HTTP/1.1 200 OK"
2025-03-31 00:14:02,084 - INFO - HTTP Request: POST http://localhost:8001/signup/credential "HTTP/1.1 200 OK"
2025-03-31 00:16:07,909 - INFO - HTTP Request: POST http://localhost:8001/signup/credential "HTTP/1.1 200 OK"
2025-03-31 00:25:16,775 - INFO - HTTP Request: POST http://localhost:8001/signup/credential "HTTP/1.1 200 OK"
2025-03-31 00:25:41,497 - INFO - HTTP Request: POST http://localhost:8001/signup/credential "HTTP/1.1 200 OK"
2025-03-31 00:27:58,383 - INFO - HTTP Request: POST http://localhost:8001/signup/credential "HTTP/1.1 200 OK"
2025-03-31 01:24:12,122 - INFO - HTTP Request: POST http://localhost:8001/signup/credential "HTTP/1.1 200 OK"
2025-03-31 17:54:14,966 - INFO - HTTP Request: POST http://localhost:8001/user/signup "HTTP/1.1 500 Internal Server Error"
2025-03-31 17:56:32,546 - INFO - HTTP Request: POST http://localhost:8001/user/signup "HTTP/1.1 500 Internal Server Error"
2025-03-31 18:00:12,761 - INFO - HTTP Request: POST http://localhost:8001/user/signup "HTTP/1.1 500 Internal Server Error"
2025-03-31 18:06:44,193 - INFO - HTTP Request: POST http://localhost:8001/user/signup "HTTP/1.1 500 Internal Server Error"
2025-03-31 18:07:30,512 - INFO - HTTP Request: POST http://localhost:8001/user/signup "HTTP/1.1 500 Internal Server Error"
2025-03-31 18:08:02,540 - INFO - HTTP Request: POST http://localhost:8001/user/signup "HTTP/1.1 500 Internal Server Error"
2025-03-31 18:13:01,485 - INFO - HTTP Request: POST http://localhost:8001/user/signup "HTTP/1.1 200 OK"
2025-03-31 18:15:12,315 - INFO - HTTP Request: POST http://localhost:8001/user/signup "HTTP/1.1 200 OK"
2025-03-31 18:40:04,015 - INFO - HTTP Request: POST http://localhost:8001/user/signup "HTTP/1.1 200 OK"
2025-03-31 18:42:23,771 - INFO - HTTP Request: POST http://localhost:8001/user/signup "HTTP/1.1 200 OK"
2025-03-31 18:44:33,867 - INFO - HTTP Request: POST http://localhost:8001/user/signup "HTTP/1.1 200 OK"
2025-03-31 18:46:01,581 - INFO - HTTP Request: POST http://localhost:8001/user/signup "HTTP/1.1 200 OK"
2025-03-31 18:58:28,378 - INFO - HTTP Request: POST http://localhost:8001/user/signup "HTTP/1.1 200 OK"
2025-03-31 18:58:45,428 - INFO - HTTP Request: POST http://localhost:8001/user/signup "HTTP/1.1 200 OK"
2025-03-31 19:00:20,262 - INFO - HTTP Request: POST http://localhost:8001/user/signup "HTTP/1.1 200 OK"
2025-04-01 14:23:48,986 - INFO - HTTP Request: POST http://localhost:8001/user/signup "HTTP/1.1 200 OK"
2025-04-01 14:25:27,271 - INFO - HTTP Request: POST http://localhost:8001/user/signup "HTTP/1.1 200 OK"
2025-04-01 14:25:54,448 - INFO - HTTP Request: POST http://localhost:8001/user/signup "HTTP/1.1 200 OK"
2025-04-01 14:29:57,582 - INFO - HTTP Request: POST http://localhost:8001/user/signup "HTTP/1.1 200 OK"
2025-04-01 14:30:21,993 - INFO - HTTP Request: POST http://localhost:8001/user/signup "HTTP/1.1 200 OK"
2025-04-01 14:32:15,590 - INFO - HTTP Request: POST http://localhost:8001/user/signup "HTTP/1.1 200 OK"
2025-04-01 15:04:04,013 - INFO - HTTP Request: POST http://localhost:8001/user/signup "HTTP/1.1 200 OK"
2025-04-01 15:12:13,337 - INFO - HTTP Request: POST http://localhost:8001/user/signup "HTTP/1.1 200 OK"
2025-04-01 15:13:21,475 - INFO - HTTP Request: POST http://localhost:8001/user/verify-otp "HTTP/1.1 404 Not Found"
2025-04-01 15:14:51,578 - INFO - HTTP Request: POST http://localhost:8001/user/verify-otp "HTTP/1.1 404 Not Found"
2025-04-01 15:25:18,323 - INFO - HTTP Request: POST http://localhost:8001/user/verify-otp "HTTP/1.1 404 Not Found"
2025-04-01 15:26:44,645 - INFO - HTTP Request: POST http://localhost:8001/user/verify-otp "HTTP/1.1 404 Not Found"
2025-04-01 15:27:20,133 - INFO - HTTP Request: POST http://localhost:8001/user/verify-otp "HTTP/1.1 422 Unprocessable Entity"
2025-04-01 15:27:52,190 - INFO - HTTP Request: POST http://localhost:8001/user/verify-otp "HTTP/1.1 422 Unprocessable Entity"
2025-04-01 15:29:04,346 - INFO - HTTP Request: POST http://localhost:8001/user/verify-otp "HTTP/1.1 422 Unprocessable Entity"
2025-04-01 15:29:41,870 - INFO - HTTP Request: POST http://localhost:8001/user/verify-otp "HTTP/1.1 422 Unprocessable Entity"
2025-04-01 15:33:48,016 - INFO - HTTP Request: POST http://localhost:8001/user/verify-otp "HTTP/1.1 200 OK"
2025-04-01 15:34:47,367 - INFO - HTTP Request: POST http://localhost:8001/user/verify-otp "HTTP/1.1 200 OK"
2025-04-01 15:35:57,207 - INFO - HTTP Request: POST http://localhost:8001/user/verify-otp "HTTP/1.1 200 OK"
2025-04-01 15:40:20,363 - INFO - HTTP Request: POST http://localhost:8001/user/verify-otp "HTTP/1.1 200 OK"
2025-04-01 15:54:09,626 - INFO - HTTP Request: POST http://localhost:8001/user/resend-otp "HTTP/1.1 422 Unprocessable Entity"
2025-04-01 15:54:57,754 - INFO - HTTP Request: POST http://localhost:8001/user/resend-otp "HTTP/1.1 200 OK"
2025-04-01 15:55:41,765 - INFO - HTTP Request: POST http://localhost:8001/user/resend-otp "HTTP/1.1 200 OK"
2025-04-01 15:56:15,056 - INFO - HTTP Request: POST http://localhost:8001/user/verify-otp "HTTP/1.1 200 OK"
2025-04-01 15:57:30,493 - INFO - HTTP Request: POST http://localhost:8001/user/verify-otp "HTTP/1.1 200 OK"
2025-04-01 15:58:00,929 - INFO - HTTP Request: POST http://localhost:8001/user/verify-otp "HTTP/1.1 200 OK"
2025-04-01 16:18:52,616 - INFO - HTTP Request: POST http://localhost:8001/user/login "HTTP/1.1 200 OK"
